<?xml version="1.0" encoding="UTF-8"?>
<testng-results ignored="0" total="2" passed="2" failed="0" skipped="0">
  <reporter-output>
  </reporter-output>
  <suite started-at="2025-09-11T16:34:52 IST" name="Master Suite" finished-at="2025-09-11T16:35:29 IST" duration-ms="36200">
    <groups>
      <group name="Functional">
        <method signature="TC_001_AccountReistrationTest.verify_acc_registration()[pri:0, instance:testCases.TC_001_AccountReistrationTest@4b3ed2f0]" name="verify_acc_registration" class="testCases.TC_001_AccountReistrationTest"/>
        <method signature="TC_002_LoginTest.verifyLogin()[pri:0, instance:testCases.TC_002_LoginTest@22d7b4f8]" name="verifyLogin" class="testCases.TC_002_LoginTest"/>
      </group> <!-- Functional -->
      <group name="Sanity">
        <method signature="TC_002_LoginTest.verifyLogin()[pri:0, instance:testCases.TC_002_LoginTest@22d7b4f8]" name="verifyLogin" class="testCases.TC_002_LoginTest"/>
      </group> <!-- Sanity -->
      <group name="Regression">
        <method signature="TC_001_AccountReistrationTest.verify_acc_registration()[pri:0, instance:testCases.TC_001_AccountReistrationTest@4b3ed2f0]" name="verify_acc_registration" class="testCases.TC_001_AccountReistrationTest"/>
      </group> <!-- Regression -->
    </groups>
    <test started-at="2025-09-11T16:34:52 IST" name="Test" finished-at="2025-09-11T16:35:29 IST" duration-ms="36200">
      <class name="testCases.TC_002_LoginTest">
        <test-method is-config="true" signature="setup(java.lang.String,java.lang.String)[pri:0, instance:testCases.TC_002_LoginTest@22d7b4f8]" started-at="2025-09-11T16:35:22 IST" name="setup" finished-at="2025-09-11T16:35:25 IST" duration-ms="3436" status="PASS">
          <params>
            <param index="0">
              <value>
                <![CDATA[window]]>
              </value>
            </param>
            <param index="1">
              <value>
                <![CDATA[Chrome]]>
              </value>
            </param>
          </params>
          <reporter-output>
          </reporter-output>
        </test-method> <!-- setup -->
        <test-method signature="verifyLogin()[pri:0, instance:testCases.TC_002_LoginTest@22d7b4f8]" started-at="2025-09-11T16:35:25 IST" name="verifyLogin" finished-at="2025-09-11T16:35:28 IST" duration-ms="2614" status="PASS">
          <reporter-output>
          </reporter-output>
        </test-method> <!-- verifyLogin -->
        <test-method is-config="true" signature="teardown()[pri:0, instance:testCases.TC_002_LoginTest@22d7b4f8]" started-at="2025-09-11T16:35:28 IST" name="teardown" finished-at="2025-09-11T16:35:29 IST" duration-ms="510" status="PASS">
          <reporter-output>
          </reporter-output>
        </test-method> <!-- teardown -->
      </class> <!-- testCases.TC_002_LoginTest -->
      <class name="testCases.TC_001_AccountReistrationTest">
        <test-method is-config="true" signature="setup(java.lang.String,java.lang.String)[pri:0, instance:testCases.TC_001_AccountReistrationTest@4b3ed2f0]" started-at="2025-09-11T16:34:53 IST" name="setup" finished-at="2025-09-11T16:35:13 IST" duration-ms="19608" status="PASS">
          <params>
            <param index="0">
              <value>
                <![CDATA[window]]>
              </value>
            </param>
            <param index="1">
              <value>
                <![CDATA[Chrome]]>
              </value>
            </param>
          </params>
          <reporter-output>
          </reporter-output>
        </test-method> <!-- setup -->
        <test-method signature="verify_acc_registration()[pri:0, instance:testCases.TC_001_AccountReistrationTest@4b3ed2f0]" started-at="2025-09-11T16:35:13 IST" name="verify_acc_registration" finished-at="2025-09-11T16:35:21 IST" duration-ms="8597" status="PASS">
          <reporter-output>
          </reporter-output>
        </test-method> <!-- verify_acc_registration -->
        <test-method is-config="true" signature="teardown()[pri:0, instance:testCases.TC_001_AccountReistrationTest@4b3ed2f0]" started-at="2025-09-11T16:35:21 IST" name="teardown" finished-at="2025-09-11T16:35:22 IST" duration-ms="802" status="PASS">
          <reporter-output>
          </reporter-output>
        </test-method> <!-- teardown -->
      </class> <!-- testCases.TC_001_AccountReistrationTest -->
    </test> <!-- Test -->
  </suite> <!-- Master Suite -->
</testng-results>
